This is e-pTeX, Version 3.14159265-p3.8.2-190131-2.6 (utf8.euc) (TeX Live 2019) (preloaded format=platex 2019.5.8)  24 NOV 2020 01:44
entering extended mode
 restricted \write18 enabled.
 file:line:error style messages enabled.
 %&-line parsing enabled.
**summary.tex
(./summary.tex
pLaTeX2e <2019-04-06> (based on LaTeX2e <2018-12-01>)
(./hisken.cls
hisken.cls; Version 1.0 [Jun. 13, 2007]
\h@=\dimen118
\JQ=\dimen119
\Q=\dimen120
\@bs=\dimen121
\Secbox=\box43
\@qqvsep=\skip41
\c@section=\count83
\c@subsection=\count84
\c@subsubsection=\count85
\c@paragraph=\count86
\c@subparagraph=\count87
\@capnumbox=\box44
\@tempboxb=\box45
\capwidth=\dimen122
\@abovecaptionskip=\dimen123
\@belowcaptionskip=\dimen124
\ecapwidth=\dimen125
\@parc@ption=\box46
\c@figure=\count88
\c@table=\count89
\abstractbox=\box47
\keywordbox=\box48
\year@cnt=\count90
\c@subpage=\count91
\mathindent=\dimen126
\@minsofar=\count92
\@min=\count93
\@cite@temp=\count94
\c@PROFILE=\count95
\@heightofprofile=\dimen127
\@profile=\box49
) (/usr/local/texlive/2019/texmf-dist/tex/latex/graphics/graphicx.sty
Package: graphicx 2017/06/01 v1.1a Enhanced LaTeX Graphics (DPC,SPQR)

(/usr/local/texlive/2019/texmf-dist/tex/latex/graphics/keyval.sty
Package: keyval 2014/10/28 v1.15 key=value parser (DPC)
\KV@toks@=\toks15
)
(/usr/local/texlive/2019/texmf-dist/tex/latex/graphics/graphics.sty
Package: graphics 2017/06/25 v1.2c Standard LaTeX Graphics (DPC,SPQR)

(/usr/local/texlive/2019/texmf-dist/tex/latex/graphics/trig.sty
Package: trig 2016/01/03 v1.10 sin cos tan (DPC)
)
(/usr/local/texlive/2019/texmf-dist/tex/latex/graphics-cfg/graphics.cfg
File: graphics.cfg 2016/06/04 v1.11 sample graphics configuration
)
Package graphics Info: Driver file: dvipdfmx.def on input line 99.

(/usr/local/texlive/2019/texmf-dist/tex/latex/graphics-def/dvipdfmx.def
File: dvipdfmx.def 2017/06/24 v5.0g Graphics/color driver for dvipdfmx
))
\Gin@req@height=\dimen128
\Gin@req@width=\dimen129
)
(/usr/local/texlive/2019/texmf-dist/tex/latex/base/latexsym.sty
Package: latexsym 1998/08/17 v2.2e Standard LaTeX package (lasy symbols)
\symlasy=\mathgroup4
LaTeX Font Info:    Overwriting symbol font `lasy' in version `bold'
(Font)                  U/lasy/m/n --> U/lasy/b/n on input line 52.
)
(/usr/local/texlive/2019/texmf-dist/tex/latex/graphics/epsfig.sty
Package: epsfig 2017/06/25 v1.7b (e)psfig emulation (SPQR)
\epsfxsize=\dimen130
\epsfysize=\dimen131
)
(/usr/local/texlive/2019/texmf-dist/tex/latex/url/url.sty
\Urlmuskip=\muskip10
Package: url 2013/09/16  ver 3.4  Verb mode for urls, etc.
)

LaTeX Warning: Unused global option(s):
    [a4paper].

No file summary.aux.
\openout1 = `summary.aux'.

LaTeX Font Info:    Checking defaults for OML/cmm/m/it on input line 31.
LaTeX Font Info:    ... okay on input line 31.
LaTeX Font Info:    Checking defaults for T1/cmr/m/n on input line 31.
LaTeX Font Info:    ... okay on input line 31.
LaTeX Font Info:    Checking defaults for OT1/cmr/m/n on input line 31.
LaTeX Font Info:    ... okay on input line 31.
LaTeX Font Info:    Checking defaults for OMS/cmsy/m/n on input line 31.
LaTeX Font Info:    ... okay on input line 31.
LaTeX Font Info:    Checking defaults for OMX/cmex/m/n on input line 31.
LaTeX Font Info:    ... okay on input line 31.
LaTeX Font Info:    Checking defaults for U/cmr/m/n on input line 31.
LaTeX Font Info:    ... okay on input line 31.
LaTeX Font Info:    Checking defaults for JY1/mc/m/n on input line 31.
LaTeX Font Info:    ... okay on input line 31.
LaTeX Font Info:    Checking defaults for JT1/mc/m/n on input line 31.
LaTeX Font Info:    ... okay on input line 31.
LaTeX Font Info:    Font shape `JT1/mc/bx/n' in size <9> not available
(Font)              Font shape `JT1/gt/m/n' tried instead on input line 35.
LaTeX Font Info:    Font shape `JY1/mc/bx/n' in size <9> not available
(Font)              Font shape `JY1/gt/m/n' tried instead on input line 35.
LaTeX Font Info:    Font shape `JT1/mc/bx/n' in size <10> not available
(Font)              Font shape `JT1/gt/m/n' tried instead on input line 35.
LaTeX Font Info:    Font shape `JY1/mc/bx/n' in size <10> not available
(Font)              Font shape `JY1/gt/m/n' tried instead on input line 35.
LaTeX Font Info:    Font shape `JT1/mc/bx/n' in size <17.28> not available
(Font)              Font shape `JT1/gt/m/n' tried instead on input line 44.
LaTeX Font Info:    Font shape `JY1/mc/bx/n' in size <17.28> not available
(Font)              Font shape `JY1/gt/m/n' tried instead on input line 44.
LaTeX Font Info:    External font `cmex10' loaded for size
(Font)              <17.28> on input line 44.
LaTeX Font Info:    External font `cmex10' loaded for size
(Font)              <12> on input line 44.
LaTeX Font Info:    Try loading font information for U+lasy on input line 44.
(/usr/local/texlive/2019/texmf-dist/tex/latex/base/ulasy.fd
File: ulasy.fd 1998/08/17 v2.2e LaTeX symbol font definitions
)
LaTeX Font Info:    External font `cmex10' loaded for size
(Font)              <14.4> on input line 44.
LaTeX Font Info:    External font `cmex10' loaded for size
(Font)              <7> on input line 44.
LaTeX Font Info:    External font `cmex10' loaded for size
(Font)              <5> on input line 44.
LaTeX Font Info:    Font shape `JT1/mc/bx/n' in size <7> not available
(Font)              Font shape `JT1/gt/m/n' tried instead on input line 50.
LaTeX Font Info:    Font shape `JY1/mc/bx/n' in size <7> not available
(Font)              Font shape `JY1/gt/m/n' tried instead on input line 50.


LaTeX Warning: Citation `tex1' on page 1 undefined on input line 50.


LaTeX Warning: Citation `tex2' on page 1 undefined on input line 52.


LaTeX Warning: Citation `tex3' on page 1 undefined on input line 56.

[1


]

LaTeX Warning: Citation `tex4' on page 2 undefined on input line 85.


LaTeX Warning: Citation `tex5' on page 2 undefined on input line 96.


LaTeX Warning: Citation `tex6' on page 2 undefined on input line 96.


LaTeX Warning: Citation `tex7' on page 2 undefined on input line 100.


LaTeX Warning: Citation `tex8' on page 2 undefined on input line 100.

[2]

LaTeX Warning: Citation `tex9' on page 3 undefined on input line 123.

File: detection00.png Graphic file (type bmp)
<detection00.png>
[3]
File: StrangerAgent_hardware.png Graphic file (type bmp)
<StrangerAgent_hardware.png>
 [4]
File: IntimateAgent_hardware.png Graphic file (type bmp)
<IntimateAgent_hardware.png>
File: IntimaterAgent_software.png Graphic file (type bmp)
<IntimaterAgent_software.png>
 [5]
File: Speaker.png Graphic file (type bmp)
<Speaker.png>


LaTeX Warning: Citation `tex10' on page 6 undefined on input line 213.


LaTeX Warning: Citation `tex10' on page 6 undefined on input line 213.

File: CircumplexModel.png Graphic file (type bmp)
<CircumplexModel.png>
[6]
No file summary.bbl.
[7

] (./summary.aux)

LaTeX Warning: Label(s) may have changed. Rerun to get cross-references right.

 ) 
Here is how much of TeX's memory you used:
 955 strings out of 493223
 11229 string characters out of 6144416
 86813 words of memory out of 5000000
 4972 multiletter control sequences out of 15000+600000
 20137 words of font info for 81 fonts, out of 8000000 for 9000
 929 hyphenation exceptions out of 8191
 26i,10n,28p,950b,433s stack positions out of 5000i,500n,10000p,200000b,80000s

Output written on summary.dvi (7 pages, 44768 bytes).
