This is e-pTeX, Version 3.14159265-p3.8.2-190131-2.6 (utf8.euc) (TeX Live 2019) (preloaded format=platex 2019.5.8)  3 JUN 2020 18:11
entering extended mode
 restricted \write18 enabled.
 file:line:error style messages enabled.
 %&-line parsing enabled.
**ken.tex
(./ken.tex
pLaTeX2e <2019-04-06> (based on LaTeX2e <2018-12-01>)
(./hisken.cls
hisken.cls; Version 1.0 [Jun. 13, 2007]
\h@=\dimen118
\JQ=\dimen119
\Q=\dimen120
\@bs=\dimen121
\Secbox=\box43
\@qqvsep=\skip41
\c@section=\count83
\c@subsection=\count84
\c@subsubsection=\count85
\c@paragraph=\count86
\c@subparagraph=\count87
\@capnumbox=\box44
\@tempboxb=\box45
\capwidth=\dimen122
\@abovecaptionskip=\dimen123
\@belowcaptionskip=\dimen124
\ecapwidth=\dimen125
\@parc@ption=\box46
\c@figure=\count88
\c@table=\count89
\abstractbox=\box47
\keywordbox=\box48
\year@cnt=\count90
\c@subpage=\count91
\mathindent=\dimen126
\@minsofar=\count92
\@min=\count93
\@cite@temp=\count94
\c@PROFILE=\count95
\@heightofprofile=\dimen127
\@profile=\box49
) (/usr/local/texlive/2019/texmf-dist/tex/latex/graphics/graphicx.sty
Package: graphicx 2017/06/01 v1.1a Enhanced LaTeX Graphics (DPC,SPQR)

(/usr/local/texlive/2019/texmf-dist/tex/latex/graphics/keyval.sty
Package: keyval 2014/10/28 v1.15 key=value parser (DPC)
\KV@toks@=\toks15
)
(/usr/local/texlive/2019/texmf-dist/tex/latex/graphics/graphics.sty
Package: graphics 2017/06/25 v1.2c Standard LaTeX Graphics (DPC,SPQR)

(/usr/local/texlive/2019/texmf-dist/tex/latex/graphics/trig.sty
Package: trig 2016/01/03 v1.10 sin cos tan (DPC)
)
(/usr/local/texlive/2019/texmf-dist/tex/latex/graphics-cfg/graphics.cfg
File: graphics.cfg 2016/06/04 v1.11 sample graphics configuration
)
Package graphics Info: Driver file: dvips.def on input line 99.

(/usr/local/texlive/2019/texmf-dist/tex/latex/graphics-def/dvips.def
File: dvips.def 2017/06/20 v3.1d Graphics/color driver for dvips
))
\Gin@req@height=\dimen128
\Gin@req@width=\dimen129
)
(/usr/local/texlive/2019/texmf-dist/tex/latex/graphics/epsfig.sty
Package: epsfig 2017/06/25 v1.7b (e)psfig emulation (SPQR)
\epsfxsize=\dimen130
\epsfysize=\dimen131
) (./ken.aux)
\openout1 = `ken.aux'.

LaTeX Font Info:    Checking defaults for OML/cmm/m/it on input line 35.
LaTeX Font Info:    ... okay on input line 35.
LaTeX Font Info:    Checking defaults for T1/cmr/m/n on input line 35.
LaTeX Font Info:    ... okay on input line 35.
LaTeX Font Info:    Checking defaults for OT1/cmr/m/n on input line 35.
LaTeX Font Info:    ... okay on input line 35.
LaTeX Font Info:    Checking defaults for OMS/cmsy/m/n on input line 35.
LaTeX Font Info:    ... okay on input line 35.
LaTeX Font Info:    Checking defaults for OMX/cmex/m/n on input line 35.
LaTeX Font Info:    ... okay on input line 35.
LaTeX Font Info:    Checking defaults for U/cmr/m/n on input line 35.
LaTeX Font Info:    ... okay on input line 35.
LaTeX Font Info:    Checking defaults for JY1/mc/m/n on input line 35.
LaTeX Font Info:    ... okay on input line 35.
LaTeX Font Info:    Checking defaults for JT1/mc/m/n on input line 35.
LaTeX Font Info:    ... okay on input line 35.
LaTeX Font Info:    Font shape `JT1/mc/bx/n' in size <9> not available
(Font)              Font shape `JT1/gt/m/n' tried instead on input line 39.
LaTeX Font Info:    Font shape `JY1/mc/bx/n' in size <9> not available
(Font)              Font shape `JY1/gt/m/n' tried instead on input line 39.
LaTeX Font Info:    Font shape `JT1/mc/bx/n' in size <10> not available
(Font)              Font shape `JT1/gt/m/n' tried instead on input line 39.
LaTeX Font Info:    Font shape `JY1/mc/bx/n' in size <10> not available
(Font)              Font shape `JY1/gt/m/n' tried instead on input line 39.
LaTeX Font Info:    Font shape `JT1/mc/bx/n' in size <17.28> not available
(Font)              Font shape `JT1/gt/m/n' tried instead on input line 47.
LaTeX Font Info:    Font shape `JY1/mc/bx/n' in size <17.28> not available
(Font)              Font shape `JY1/gt/m/n' tried instead on input line 47.
LaTeX Font Info:    External font `cmex10' loaded for size
(Font)              <17.28> on input line 47.
LaTeX Font Info:    External font `cmex10' loaded for size
(Font)              <12> on input line 47.
LaTeX Font Info:    External font `cmex10' loaded for size
(Font)              <14.4> on input line 47.
LaTeX Font Info:    External font `cmex10' loaded for size
(Font)              <7> on input line 47.
LaTeX Font Info:    External font `cmex10' loaded for size
(Font)              <5> on input line 47.

Underfull \hbox (badness 4467) in paragraph at lines 52--54
\JY1/mc/m/n/10 原稿執筆の際の参考にしてください ． また ， 本
 []


Overfull \hbox (8.1976pt too wide) in paragraph at lines 52--54
\JY1/mc/m/n/10 （\OT1/cmr/m/n/10 https://www.his.gr.jp/office/ethical[]guidelin
es.html\JY1/mc/m/n/10 ）
 []

[1


]
Overfull \hbox (3.30984pt too wide) in paragraph at lines 118--119
[]$[]$[]
 []


LaTeX Warning: Reference `fig:example1' on page 2 undefined on input line 127.


LaTeX Warning: Reference `table:example2' on page 2 undefined on input line 127
.


./ken.tex:131: LaTeX Error: Cannot determine size of graphic in fig1.eps (no Bo
undingBox).

See the LaTeX manual or LaTeX Companion for explanation.
Type  H <return>  for immediate help.
 ...                                              
                                                  
l.131     \includegraphics[width=70mm]{fig1.eps}
                                                
? 
./ken.tex:131: Emergency stop.
 ...                                              
                                                  
l.131     \includegraphics[width=70mm]{fig1.eps}
                                                
Try typing  <return>  to proceed.
If that doesn't work, type  X <return>  to quit.

 
Here is how much of TeX's memory you used:
 796 strings out of 493223
 8768 string characters out of 6144416
 83471 words of memory out of 5000000
 4839 multiletter control sequences out of 15000+600000
 19191 words of font info for 74 fonts, out of 8000000 for 9000
 929 hyphenation exceptions out of 8191
 26i,10n,19p,409b,413s stack positions out of 5000i,500n,10000p,200000b,80000s
Output written on ken.dvi (1 page, 7252 bytes).
