This is e-pTeX, Version 3.14159265-p3.8.0-180121-2.6 (utf8.sjis) (TeX Live 2017/W32TeX) (preloaded format=platex 2018.2.3)  4 SEP 2019 15:42
entering extended mode
 restricted \write18 enabled.
 %&-line parsing enabled.
**./ronbun.tex
(./ronbun.tex
pLaTeX2e <2017/10/28>+4 (based on LaTeX2e <2017-04-15>)
Babel <3.17> and hyphenation patterns for 84 language(s) loaded.
(./hisken.cls
hisken.cls; Version 1.0 [Jun. 13, 2007]
\h@=\dimen118
\JQ=\dimen119
\Q=\dimen120
\@bs=\dimen121
\Secbox=\box42
\@qqvsep=\skip41
\c@section=\count82
\c@subsection=\count83
\c@subsubsection=\count84
\c@paragraph=\count85
\c@subparagraph=\count86
\@capnumbox=\box43
\@tempboxb=\box44
\capwidth=\dimen122
\@abovecaptionskip=\dimen123
\@belowcaptionskip=\dimen124
\ecapwidth=\dimen125
\@parc@ption=\box45
\c@figure=\count87
\c@table=\count88
\abstractbox=\box46
\keywordbox=\box47
\year@cnt=\count89
\c@subpage=\count90
\mathindent=\dimen126
\@minsofar=\count91
\@min=\count92
\@cite@temp=\count93
\c@PROFILE=\count94
\@heightofprofile=\dimen127
\@profile=\box48
) (c:/App/w32tex/share/texmf-dist/tex/latex/base/latexsym.sty
Package: latexsym 1998/08/17 v2.2e Standard LaTeX package (lasy symbols)
\symlasy=\mathgroup4
LaTeX Font Info:    Overwriting symbol font `lasy' in version `bold'
(Font)                  U/lasy/m/n --> U/lasy/b/n on input line 52.
)
(c:/App/w32tex/share/texmf-dist/tex/latex/graphics/graphics.sty
Package: graphics 2017/06/25 v1.2c Standard LaTeX Graphics (DPC,SPQR)

(c:/App/w32tex/share/texmf-dist/tex/latex/graphics/trig.sty
Package: trig 2016/01/03 v1.10 sin cos tan (DPC)
)
(c:/App/w32tex/share/texmf-dist/tex/latex/graphics-cfg/graphics.cfg
File: graphics.cfg 2016/06/04 v1.11 sample graphics configuration
)
Package graphics Info: Driver file: dvipdfmx.def on input line 99.

(c:/App/w32tex/share/texmf-dist/tex/latex/graphics-def/dvipdfmx.def
File: dvipdfmx.def 2017/06/24 v5.0g Graphics/color driver for dvipdfmx
))
(c:/App/w32tex/share/texmf-dist/tex/latex/graphics/epsfig.sty
Package: epsfig 2017/06/25 v1.7b (e)psfig emulation (SPQR)

(c:/App/w32tex/share/texmf-dist/tex/latex/graphics/graphicx.sty
Package: graphicx 2017/06/01 v1.1a Enhanced LaTeX Graphics (DPC,SPQR)

(c:/App/w32tex/share/texmf-dist/tex/latex/graphics/keyval.sty
Package: keyval 2014/10/28 v1.15 key=value parser (DPC)
\KV@toks@=\toks15
)
\Gin@req@height=\dimen128
\Gin@req@width=\dimen129
)
\epsfxsize=\dimen130
\epsfysize=\dimen131
)
(c:/App/w32tex/share/texmf-dist/tex/latex/url/url.sty
\Urlmuskip=\muskip10
Package: url 2013/09/16  ver 3.4  Verb mode for urls, etc.
)

LaTeX Warning: Unused global option(s):
    [a4paper].

(./ronbun.aux)
\openout1 = `ronbun.aux'.

LaTeX Font Info:    Checking defaults for OML/cmm/m/it on input line 31.
LaTeX Font Info:    ... okay on input line 31.
LaTeX Font Info:    Checking defaults for T1/cmr/m/n on input line 31.
LaTeX Font Info:    ... okay on input line 31.
LaTeX Font Info:    Checking defaults for OT1/cmr/m/n on input line 31.
LaTeX Font Info:    ... okay on input line 31.
LaTeX Font Info:    Checking defaults for OMS/cmsy/m/n on input line 31.
LaTeX Font Info:    ... okay on input line 31.
LaTeX Font Info:    Checking defaults for OMX/cmex/m/n on input line 31.
LaTeX Font Info:    ... okay on input line 31.
LaTeX Font Info:    Checking defaults for U/cmr/m/n on input line 31.
LaTeX Font Info:    ... okay on input line 31.
LaTeX Font Info:    Checking defaults for JY1/mc/m/n on input line 31.
LaTeX Font Info:    ... okay on input line 31.
LaTeX Font Info:    Checking defaults for JT1/mc/m/n on input line 31.
LaTeX Font Info:    ... okay on input line 31.
LaTeX Font Info:    Font shape `JT1/mc/bx/n' in size <9> not available
(Font)              Font shape `JT1/gt/m/n' tried instead on input line 35.
LaTeX Font Info:    Font shape `JY1/mc/bx/n' in size <9> not available
(Font)              Font shape `JY1/gt/m/n' tried instead on input line 35.
LaTeX Font Info:    Font shape `JT1/mc/bx/n' in size <10> not available
(Font)              Font shape `JT1/gt/m/n' tried instead on input line 35.
LaTeX Font Info:    Font shape `JY1/mc/bx/n' in size <10> not available
(Font)              Font shape `JY1/gt/m/n' tried instead on input line 35.
LaTeX Font Info:    Font shape `JT1/mc/bx/n' in size <17.28> not available
(Font)              Font shape `JT1/gt/m/n' tried instead on input line 44.
LaTeX Font Info:    Font shape `JY1/mc/bx/n' in size <17.28> not available
(Font)              Font shape `JY1/gt/m/n' tried instead on input line 44.
LaTeX Font Info:    External font `cmex10' loaded for size
(Font)              <17.28> on input line 44.
LaTeX Font Info:    External font `cmex10' loaded for size
(Font)              <12> on input line 44.
LaTeX Font Info:    Try loading font information for U+lasy on input line 44.
 (c:/App/w32tex/share/texmf-dist/tex/latex/base/ulasy.fd
File: ulasy.fd 1998/08/17 v2.2e LaTeX symbol font definitions
)
LaTeX Font Info:    External font `cmex10' loaded for size
(Font)              <14.4> on input line 44.
LaTeX Font Info:    External font `cmex10' loaded for size
(Font)              <7> on input line 44.
LaTeX Font Info:    External font `cmex10' loaded for size
(Font)              <5> on input line 44.
LaTeX Font Info:    Font shape `JT1/mc/bx/n' in size <7> not available
(Font)              Font shape `JT1/gt/m/n' tried instead on input line 49.
LaTeX Font Info:    Font shape `JY1/mc/bx/n' in size <7> not available
(Font)              Font shape `JY1/gt/m/n' tried instead on input line 49.


LaTeX Warning: Citation `manabe' on page 1 undefined on input line 49.


LaTeX Warning: Citation `kanbara' on page 1 undefined on input line 49.


LaTeX Warning: Citation `display' on page 1 undefined on input line 49.


LaTeX Warning: Citation `rekimoto' on page 1 undefined on input line 49.

LaTeX Font Info:    External font `cmex10' loaded for size
(Font)              <9> on input line 49.
LaTeX Font Info:    External font `cmex10' loaded for size
(Font)              <6> on input line 49.

LaTeX Warning: Citation `hoshi' on page 1 undefined on input line 49.


LaTeX Warning: Citation `fran' on page 1 undefined on input line 49.


LaTeX Warning: Citation `ikea' on page 1 undefined on input line 49.


LaTeX Warning: Citation `ifip' on page 1 undefined on input line 51.


LaTeX Warning: Citation `ogawa' on page 1 undefined on input line 51.


LaTeX Warning: Citation `akahori' on page 1 undefined on input line 51.


LaTeX Warning: Citation `okumura' on page 1 undefined on input line 51.


LaTeX Warning: Citation `kokuban' on page 1 undefined on input line 51.


LaTeX Warning: Citation `suzuki' on page 1 undefined on input line 51.


LaTeX Warning: Citation `2005' on page 1 undefined on input line 51.


LaTeX Warning: Citation `environment' on page 1 undefined on input line 51.


LaTeX Warning: Citation `koizumi' on page 1 undefined on input line 51.


LaTeX Warning: Citation `hasegawa' on page 1 undefined on input line 51.


LaTeX Warning: Citation `ict' on page 1 undefined on input line 51.


LaTeX Warning: Citation `takezawa' on page 1 undefined on input line 55.


LaTeX Warning: Citation `okano' on page 1 undefined on input line 55.


LaTeX Warning: Citation `toida' on page 1 undefined on input line 55.


LaTeX Warning: Citation `terao' on page 1 undefined on input line 55.


LaTeX Warning: Citation `okano' on page 1 undefined on input line 55.


LaTeX Warning: Citation `rekishi' on page 1 undefined on input line 55.


LaTeX Warning: Citation `hujimoto' on page 1 undefined on input line 57.

[1


]

LaTeX Warning: Citation `hujimoto' on page 2 undefined on input line 63.


LaTeX Warning: Citation `brien' on page 2 undefined on input line 63.


LaTeX Warning: Citation `magic' on page 2 undefined on input line 65.


LaTeX Warning: Citation `maekawa' on page 2 undefined on input line 65.


LaTeX Warning: Citation `oaks' on page 2 undefined on input line 66.


LaTeX Warning: Citation `tsuji' on page 2 undefined on input line 73.


LaTeX Warning: Citation `oomu' on page 2 undefined on input line 73.


LaTeX Warning: Citation `wbt' on page 2 undefined on input line 73.


LaTeX Warning: Citation `takahasi' on page 2 undefined on input line 73.


LaTeX Warning: Citation `komatsu' on page 2 undefined on input line 75.


LaTeX Warning: Citation `setozaki' on page 2 undefined on input line 75.

[2]

LaTeX Warning: Reference `fig:image3' on page 3 undefined on input line 81.


LaTeX Warning: Reference `fig:flow2' on page 3 undefined on input line 81.

File: image3.ps Graphic file (type eps)
<image3.ps>

Overfull \hbox (28.83607pt too wide) in paragraph at lines 84--86
 [][] 
 []

File: flow2.ps Graphic file (type eps)
<flow2.ps>

Overfull \hbox (23.81732pt too wide) in paragraph at lines 92--94
 [][] 
 []


LaTeX Warning: Reference `fig:software' on page 3 undefined on input line 103.

File: software.ps Graphic file (type eps)
<software.ps>

Overfull \hbox (62.05579pt too wide) in paragraph at lines 106--108
 [][] 
 []


LaTeX Warning: Reference `fig:chizu' on page 3 undefined on input line 111.


! LaTeX Error: Cannot determine size of graphic in chizu.eps (no BoundingBox).

See the LaTeX manual or LaTeX Companion for explanation.
Type  H <return>  for immediate help.
 ...                                              
                                                  
l.115 {chizu}
             
? 
! Emergency stop.
 ...                                              
                                                  
l.115 {chizu}
             
Try typing  <return>  to proceed.
If that doesn't work, type  X <return>  to quit.

 
Here is how much of TeX's memory you used:
 1009 strings out of 493619
 11286 string characters out of 6150070
 81638 words of memory out of 5000000
 4621 multiletter control sequences out of 15000+600000
 21873 words of font info for 88 fonts, out of 8000000 for 9000
 929 hyphenation exceptions out of 8191
 30i,11n,27p,1279b,388s stack positions out of 5000i,500n,10000p,500000b,80000s
Output written on ronbun.dvi (2 pages, 19572 bytes).
